<?xml version="1.0" encoding="UTF-8"?>
<coverage generated="1654891275236" clover="3.2.0">
  <project timestamp="1654891275236" name="All files">
    <metrics statements="148" coveredstatements="148" conditionals="68" coveredconditionals="67" methods="20" coveredmethods="20" elements="236" coveredelements="235" complexity="0" loc="148" ncloc="148" packages="3" files="19" classes="19"/>
    <package name="challenging-recursion">
      <metrics statements="31" coveredstatements="31" conditionals="16" coveredconditionals="16" methods="5" coveredmethods="5"/>
      <file name="capitalize-first.js" path="/Users/aliaksandrahavia/Desktop/my_repos/js-algorithms-data-structures/src/challenging-recursion/capitalize-first.js">
        <metrics statements="9" coveredstatements="9" conditionals="4" coveredconditionals="4" methods="1" coveredmethods="1"/>
        <line num="9" count="1" type="stmt"/>
        <line num="10" count="5" type="cond" truecount="2" falsecount="0"/>
        <line num="11" count="1" type="stmt"/>
        <line num="14" count="4" type="cond" truecount="2" falsecount="0"/>
        <line num="15" count="2" type="stmt"/>
        <line num="18" count="2" type="stmt"/>
        <line num="19" count="2" type="stmt"/>
        <line num="20" count="2" type="stmt"/>
        <line num="22" count="2" type="stmt"/>
      </file>
      <file name="flatten.js" path="/Users/aliaksandrahavia/Desktop/my_repos/js-algorithms-data-structures/src/challenging-recursion/flatten.js">
        <metrics statements="7" coveredstatements="7" conditionals="2" coveredconditionals="2" methods="1" coveredmethods="1"/>
        <line num="7" count="1" type="stmt"/>
        <line num="8" count="25" type="stmt"/>
        <line num="10" count="25" type="stmt"/>
        <line num="11" count="37" type="cond" truecount="2" falsecount="0"/>
        <line num="12" count="21" type="stmt"/>
        <line num="14" count="16" type="stmt"/>
        <line num="18" count="25" type="stmt"/>
      </file>
      <file name="is-palindrome.js" path="/Users/aliaksandrahavia/Desktop/my_repos/js-algorithms-data-structures/src/challenging-recursion/is-palindrome.js">
        <metrics statements="5" coveredstatements="5" conditionals="4" coveredconditionals="4" methods="1" coveredmethods="1"/>
        <line num="9" count="1" type="stmt"/>
        <line num="10" count="18" type="stmt"/>
        <line num="12" count="18" type="cond" truecount="2" falsecount="0"/>
        <line num="14" count="16" type="cond" truecount="2" falsecount="0"/>
        <line num="16" count="13" type="stmt"/>
      </file>
      <file name="reverse.js" path="/Users/aliaksandrahavia/Desktop/my_repos/js-algorithms-data-structures/src/challenging-recursion/reverse.js">
        <metrics statements="4" coveredstatements="4" conditionals="2" coveredconditionals="2" methods="1" coveredmethods="1"/>
        <line num="7" count="1" type="stmt"/>
        <line num="8" count="18" type="cond" truecount="2" falsecount="0"/>
        <line num="9" count="2" type="stmt"/>
        <line num="12" count="16" type="stmt"/>
      </file>
      <file name="some-recursive.js" path="/Users/aliaksandrahavia/Desktop/my_repos/js-algorithms-data-structures/src/challenging-recursion/some-recursive.js">
        <metrics statements="6" coveredstatements="6" conditionals="4" coveredconditionals="4" methods="1" coveredmethods="1"/>
        <line num="9" count="1" type="stmt"/>
        <line num="10" count="13" type="cond" truecount="2" falsecount="0"/>
        <line num="11" count="2" type="stmt"/>
        <line num="14" count="11" type="cond" truecount="2" falsecount="0"/>
        <line num="15" count="2" type="stmt"/>
        <line num="18" count="9" type="stmt"/>
      </file>
    </package>
    <package name="problem-solving-patterns">
      <metrics statements="98" coveredstatements="98" conditionals="42" coveredconditionals="41" methods="10" coveredmethods="10"/>
      <file name="are-there-duplicates.js" path="/Users/aliaksandrahavia/Desktop/my_repos/js-algorithms-data-structures/src/problem-solving-patterns/are-there-duplicates.js">
        <metrics statements="7" coveredstatements="7" conditionals="2" coveredconditionals="2" methods="2" coveredmethods="2"/>
        <line num="12" count="3" type="stmt"/>
        <line num="14" count="3" type="stmt"/>
        <line num="15" count="10" type="cond" truecount="2" falsecount="0"/>
        <line num="16" count="2" type="stmt"/>
        <line num="18" count="8" type="stmt"/>
        <line num="21" count="1" type="stmt"/>
        <line num="26" count="3" type="stmt"/>
      </file>
      <file name="average-pair.js" path="/Users/aliaksandrahavia/Desktop/my_repos/js-algorithms-data-structures/src/problem-solving-patterns/average-pair.js">
        <metrics statements="10" coveredstatements="10" conditionals="4" coveredconditionals="4" methods="1" coveredmethods="1"/>
        <line num="13" count="4" type="stmt"/>
        <line num="14" count="4" type="stmt"/>
        <line num="15" count="4" type="stmt"/>
        <line num="16" count="14" type="stmt"/>
        <line num="17" count="14" type="cond" truecount="2" falsecount="0"/>
        <line num="18" count="2" type="stmt"/>
        <line num="19" count="12" type="cond" truecount="2" falsecount="0"/>
        <line num="20" count="8" type="stmt"/>
        <line num="22" count="4" type="stmt"/>
        <line num="25" count="2" type="stmt"/>
      </file>
      <file name="count-unique-values.js" path="/Users/aliaksandrahavia/Desktop/my_repos/js-algorithms-data-structures/src/problem-solving-patterns/count-unique-values.js">
        <metrics statements="9" coveredstatements="9" conditionals="2" coveredconditionals="2" methods="1" coveredmethods="1"/>
        <line num="11" count="4" type="stmt"/>
        <line num="12" count="4" type="stmt"/>
        <line num="13" count="4" type="stmt"/>
        <line num="14" count="4" type="stmt"/>
        <line num="15" count="22" type="cond" truecount="2" falsecount="0"/>
        <line num="16" count="13" type="stmt"/>
        <line num="18" count="22" type="stmt"/>
        <line num="19" count="22" type="stmt"/>
        <line num="21" count="4" type="stmt"/>
      </file>
      <file name="find-longest-substring.js" path="/Users/aliaksandrahavia/Desktop/my_repos/js-algorithms-data-structures/src/problem-solving-patterns/find-longest-substring.js">
        <metrics statements="10" coveredstatements="10" conditionals="2" coveredconditionals="2" methods="1" coveredmethods="1"/>
        <line num="10" count="7" type="stmt"/>
        <line num="11" count="7" type="stmt"/>
        <line num="12" count="7" type="stmt"/>
        <line num="13" count="7" type="stmt"/>
        <line num="14" count="75" type="stmt"/>
        <line num="15" count="75" type="cond" truecount="2" falsecount="0"/>
        <line num="16" count="30" type="stmt"/>
        <line num="19" count="75" type="stmt"/>
        <line num="21" count="75" type="stmt"/>
        <line num="23" count="7" type="stmt"/>
      </file>
      <file name="is-subsequence.js" path="/Users/aliaksandrahavia/Desktop/my_repos/js-algorithms-data-structures/src/problem-solving-patterns/is-subsequence.js">
        <metrics statements="8" coveredstatements="8" conditionals="6" coveredconditionals="5" methods="1" coveredmethods="1"/>
        <line num="9" count="4" type="stmt"/>
        <line num="10" count="4" type="stmt"/>
        <line num="11" count="4" type="cond" truecount="1" falsecount="1"/>
        <line num="13" count="4" type="stmt"/>
        <line num="14" count="15" type="cond" truecount="2" falsecount="0"/>
        <line num="16" count="15" type="cond" truecount="2" falsecount="0"/>
        <line num="17" count="12" type="stmt"/>
        <line num="19" count="1" type="stmt"/>
      </file>
      <file name="max-subarray-sum.js" path="/Users/aliaksandrahavia/Desktop/my_repos/js-algorithms-data-structures/src/problem-solving-patterns/max-subarray-sum.js">
        <metrics statements="11" coveredstatements="11" conditionals="2" coveredconditionals="2" methods="1" coveredmethods="1"/>
        <line num="13" count="1" type="stmt"/>
        <line num="14" count="5" type="stmt"/>
        <line num="15" count="5" type="stmt"/>
        <line num="16" count="5" type="cond" truecount="2" falsecount="0"/>
        <line num="18" count="4" type="stmt"/>
        <line num="19" count="10" type="stmt"/>
        <line num="21" count="4" type="stmt"/>
        <line num="23" count="4" type="stmt"/>
        <line num="24" count="18" type="stmt"/>
        <line num="25" count="18" type="stmt"/>
        <line num="27" count="4" type="stmt"/>
      </file>
      <file name="min-subarray-len.js" path="/Users/aliaksandrahavia/Desktop/my_repos/js-algorithms-data-structures/src/problem-solving-patterns/min-subarray-len.js">
        <metrics statements="14" coveredstatements="14" conditionals="8" coveredconditionals="8" methods="1" coveredmethods="1"/>
        <line num="14" count="7" type="stmt"/>
        <line num="15" count="7" type="stmt"/>
        <line num="16" count="7" type="stmt"/>
        <line num="17" count="7" type="stmt"/>
        <line num="18" count="7" type="stmt"/>
        <line num="21" count="95" type="cond" truecount="4" falsecount="0"/>
        <line num="22" count="56" type="stmt"/>
        <line num="23" count="56" type="stmt"/>
        <line num="27" count="39" type="cond" truecount="2" falsecount="0"/>
        <line num="28" count="32" type="stmt"/>
        <line num="29" count="32" type="stmt"/>
        <line num="30" count="32" type="stmt"/>
        <line num="34" count="7" type="stmt"/>
        <line num="38" count="7" type="cond" truecount="2" falsecount="0"/>
      </file>
      <file name="same-frequency.js" path="/Users/aliaksandrahavia/Desktop/my_repos/js-algorithms-data-structures/src/problem-solving-patterns/same-frequency.js">
        <metrics statements="15" coveredstatements="15" conditionals="6" coveredconditionals="6" methods="1" coveredmethods="1"/>
        <line num="11" count="1" type="stmt"/>
        <line num="12" count="4" type="stmt"/>
        <line num="13" count="4" type="stmt"/>
        <line num="15" count="4" type="cond" truecount="2" falsecount="0"/>
        <line num="16" count="1" type="stmt"/>
        <line num="19" count="3" type="stmt"/>
        <line num="21" count="3" type="stmt"/>
        <line num="22" count="12" type="stmt"/>
        <line num="23" count="12" type="cond" truecount="2" falsecount="0"/>
        <line num="28" count="3" type="stmt"/>
        <line num="29" count="11" type="stmt"/>
        <line num="31" count="11" type="cond" truecount="2" falsecount="0"/>
        <line num="32" count="1" type="stmt"/>
        <line num="34" count="10" type="stmt"/>
        <line num="38" count="2" type="stmt"/>
      </file>
      <file name="valid-anagram.js" path="/Users/aliaksandrahavia/Desktop/my_repos/js-algorithms-data-structures/src/problem-solving-patterns/valid-anagram.js">
        <metrics statements="14" coveredstatements="14" conditionals="10" coveredconditionals="10" methods="1" coveredmethods="1"/>
        <line num="13" count="7" type="cond" truecount="2" falsecount="0"/>
        <line num="14" count="1" type="stmt"/>
        <line num="16" count="6" type="stmt"/>
        <line num="17" count="6" type="stmt"/>
        <line num="19" count="6" type="stmt"/>
        <line num="20" count="32" type="cond" truecount="2" falsecount="0"/>
        <line num="22" count="6" type="stmt"/>
        <line num="23" count="32" type="cond" truecount="2" falsecount="0"/>
        <line num="25" count="6" type="stmt"/>
        <line num="26" count="22" type="cond" truecount="2" falsecount="0"/>
        <line num="27" count="1" type="stmt"/>
        <line num="29" count="21" type="cond" truecount="2" falsecount="0"/>
        <line num="30" count="1" type="stmt"/>
        <line num="33" count="4" type="stmt"/>
      </file>
    </package>
    <package name="recursion">
      <metrics statements="19" coveredstatements="19" conditionals="10" coveredconditionals="10" methods="5" coveredmethods="5"/>
      <file name="factorial.js" path="/Users/aliaksandrahavia/Desktop/my_repos/js-algorithms-data-structures/src/recursion/factorial.js">
        <metrics statements="4" coveredstatements="4" conditionals="2" coveredconditionals="2" methods="1" coveredmethods="1"/>
        <line num="9" count="1" type="stmt"/>
        <line num="10" count="18" type="cond" truecount="2" falsecount="0"/>
        <line num="11" count="4" type="stmt"/>
        <line num="14" count="14" type="stmt"/>
      </file>
      <file name="fibinocci.js" path="/Users/aliaksandrahavia/Desktop/my_repos/js-algorithms-data-structures/src/recursion/fibinocci.js">
        <metrics statements="3" coveredstatements="3" conditionals="2" coveredconditionals="2" methods="1" coveredmethods="1"/>
        <line num="9" count="1" type="stmt"/>
        <line num="10" count="19090664" type="cond" truecount="2" falsecount="0"/>
        <line num="12" count="9545330" type="stmt"/>
      </file>
      <file name="power.js" path="/Users/aliaksandrahavia/Desktop/my_repos/js-algorithms-data-structures/src/recursion/power.js">
        <metrics statements="4" coveredstatements="4" conditionals="2" coveredconditionals="2" methods="1" coveredmethods="1"/>
        <line num="9" count="1" type="stmt"/>
        <line num="10" count="9" type="cond" truecount="2" falsecount="0"/>
        <line num="11" count="3" type="stmt"/>
        <line num="14" count="6" type="stmt"/>
      </file>
      <file name="product-of-array.js" path="/Users/aliaksandrahavia/Desktop/my_repos/js-algorithms-data-structures/src/recursion/product-of-array.js">
        <metrics statements="4" coveredstatements="4" conditionals="2" coveredconditionals="2" methods="1" coveredmethods="1"/>
        <line num="8" count="1" type="stmt"/>
        <line num="9" count="9" type="cond" truecount="2" falsecount="0"/>
        <line num="10" count="2" type="stmt"/>
        <line num="13" count="7" type="stmt"/>
      </file>
      <file name="recursive-range.js" path="/Users/aliaksandrahavia/Desktop/my_repos/js-algorithms-data-structures/src/recursion/recursive-range.js">
        <metrics statements="4" coveredstatements="4" conditionals="2" coveredconditionals="2" methods="1" coveredmethods="1"/>
        <line num="7" count="1" type="stmt"/>
        <line num="8" count="18" type="cond" truecount="2" falsecount="0"/>
        <line num="9" count="2" type="stmt"/>
        <line num="12" count="16" type="stmt"/>
      </file>
    </package>
  </project>
</coverage>
