<?xml version="1.0" encoding="UTF-8"?>
<coverage generated="1654123467390" clover="3.2.0">
  <project timestamp="1654123467390" name="All files">
    <metrics statements="14" coveredstatements="14" conditionals="10" coveredconditionals="10" methods="1" coveredmethods="1" elements="25" coveredelements="25" complexity="0" loc="14" ncloc="14" packages="1" files="1" classes="1"/>
    <file name="valid-anagram.js" path="/Users/aliaksandrahavia/Desktop/my_repos/js-algorithms-data-structures/src/problem-solving-patterns/valid-anagram.js">
      <metrics statements="14" coveredstatements="14" conditionals="10" coveredconditionals="10" methods="1" coveredmethods="1"/>
      <line num="13" count="7" type="cond" truecount="2" falsecount="0"/>
      <line num="14" count="1" type="stmt"/>
      <line num="16" count="6" type="stmt"/>
      <line num="17" count="6" type="stmt"/>
      <line num="19" count="6" type="stmt"/>
      <line num="20" count="32" type="cond" truecount="2" falsecount="0"/>
      <line num="22" count="6" type="stmt"/>
      <line num="23" count="32" type="cond" truecount="2" falsecount="0"/>
      <line num="25" count="6" type="stmt"/>
      <line num="26" count="22" type="cond" truecount="2" falsecount="0"/>
      <line num="27" count="1" type="stmt"/>
      <line num="29" count="21" type="cond" truecount="2" falsecount="0"/>
      <line num="30" count="1" type="stmt"/>
      <line num="33" count="4" type="stmt"/>
    </file>
  </project>
</coverage>
