{"/Users/aliaksandrahavia/Desktop/my_repos/js-algorithms-data-structures/src/challenging-recursion/capitalize-first.js": {"path":"/Users/aliaksandrahavia/Desktop/my_repos/js-algorithms-data-structures/src/challenging-recursion/capitalize-first.js","statementMap":{"0":{"start":{"line":9,"column":31},"end":{"line":23,"column":1}},"1":{"start":{"line":10,"column":2},"end":{"line":12,"column":3}},"2":{"start":{"line":11,"column":4},"end":{"line":11,"column":14}},"3":{"start":{"line":14,"column":2},"end":{"line":16,"column":3}},"4":{"start":{"line":15,"column":4},"end":{"line":15,"column":66}},"5":{"start":{"line":18,"column":12},"end":{"line":18,"column":47}},"6":{"start":{"line":19,"column":15},"end":{"line":19,"column":47}},"7":{"start":{"line":20,"column":2},"end":{"line":20,"column":57}},"8":{"start":{"line":22,"column":2},"end":{"line":22,"column":13}}},"fnMap":{"0":{"name":"(anonymous_0)","decl":{"start":{"line":9,"column":31},"end":{"line":9,"column":32}},"loc":{"start":{"line":9,"column":42},"end":{"line":23,"column":1}},"line":9}},"branchMap":{"0":{"loc":{"start":{"line":10,"column":2},"end":{"line":12,"column":3}},"type":"if","locations":[{"start":{"line":10,"column":2},"end":{"line":12,"column":3}},{"start":{},"end":{}}],"line":10},"1":{"loc":{"start":{"line":14,"column":2},"end":{"line":16,"column":3}},"type":"if","locations":[{"start":{"line":14,"column":2},"end":{"line":16,"column":3}},{"start":{},"end":{}}],"line":14}},"s":{"0":1,"1":5,"2":1,"3":4,"4":2,"5":2,"6":2,"7":2,"8":2},"f":{"0":5},"b":{"0":[1,4],"1":[2,2]},"_coverageSchema":"1a1c01bbd47fc00a2c39e90264f33305004495a9","hash":"894d573748cb1e322e2cb9a045c3d24009942e33"}
,"/Users/aliaksandrahavia/Desktop/my_repos/js-algorithms-data-structures/src/challenging-recursion/flatten.js": {"path":"/Users/aliaksandrahavia/Desktop/my_repos/js-algorithms-data-structures/src/challenging-recursion/flatten.js","statementMap":{"0":{"start":{"line":7,"column":23},"end":{"line":19,"column":1}},"1":{"start":{"line":8,"column":14},"end":{"line":8,"column":16}},"2":{"start":{"line":10,"column":2},"end":{"line":16,"column":3}},"3":{"start":{"line":10,"column":15},"end":{"line":10,"column":16}},"4":{"start":{"line":11,"column":4},"end":{"line":15,"column":5}},"5":{"start":{"line":12,"column":6},"end":{"line":12,"column":49}},"6":{"start":{"line":14,"column":6},"end":{"line":14,"column":29}},"7":{"start":{"line":18,"column":2},"end":{"line":18,"column":16}}},"fnMap":{"0":{"name":"(anonymous_0)","decl":{"start":{"line":7,"column":23},"end":{"line":7,"column":24}},"loc":{"start":{"line":7,"column":35},"end":{"line":19,"column":1}},"line":7}},"branchMap":{"0":{"loc":{"start":{"line":11,"column":4},"end":{"line":15,"column":5}},"type":"if","locations":[{"start":{"line":11,"column":4},"end":{"line":15,"column":5}},{"start":{"line":13,"column":11},"end":{"line":15,"column":5}}],"line":11}},"s":{"0":1,"1":25,"2":25,"3":25,"4":37,"5":21,"6":16,"7":25},"f":{"0":25},"b":{"0":[21,16]},"_coverageSchema":"1a1c01bbd47fc00a2c39e90264f33305004495a9","hash":"29c162ff0842ae4f2af814f54423391fe2b472b8"}
,"/Users/aliaksandrahavia/Desktop/my_repos/js-algorithms-data-structures/src/challenging-recursion/is-palindrome.js": {"path":"/Users/aliaksandrahavia/Desktop/my_repos/js-algorithms-data-structures/src/challenging-recursion/is-palindrome.js","statementMap":{"0":{"start":{"line":9,"column":28},"end":{"line":17,"column":1}},"1":{"start":{"line":10,"column":14},"end":{"line":10,"column":24}},"2":{"start":{"line":12,"column":2},"end":{"line":12,"column":28}},"3":{"start":{"line":12,"column":16},"end":{"line":12,"column":28}},"4":{"start":{"line":14,"column":2},"end":{"line":14,"column":42}},"5":{"start":{"line":14,"column":29},"end":{"line":14,"column":42}},"6":{"start":{"line":16,"column":2},"end":{"line":16,"column":40}}},"fnMap":{"0":{"name":"(anonymous_0)","decl":{"start":{"line":9,"column":28},"end":{"line":9,"column":29}},"loc":{"start":{"line":9,"column":37},"end":{"line":17,"column":1}},"line":9}},"branchMap":{"0":{"loc":{"start":{"line":12,"column":2},"end":{"line":12,"column":28}},"type":"if","locations":[{"start":{"line":12,"column":2},"end":{"line":12,"column":28}},{"start":{},"end":{}}],"line":12},"1":{"loc":{"start":{"line":14,"column":2},"end":{"line":14,"column":42}},"type":"if","locations":[{"start":{"line":14,"column":2},"end":{"line":14,"column":42}},{"start":{},"end":{}}],"line":14}},"s":{"0":1,"1":18,"2":18,"3":2,"4":16,"5":3,"6":13},"f":{"0":18},"b":{"0":[2,16],"1":[3,13]},"_coverageSchema":"1a1c01bbd47fc00a2c39e90264f33305004495a9","hash":"5e30a0ebd1bcaf9982dc2564ff54210faa2de840"}
,"/Users/aliaksandrahavia/Desktop/my_repos/js-algorithms-data-structures/src/challenging-recursion/reverse.js": {"path":"/Users/aliaksandrahavia/Desktop/my_repos/js-algorithms-data-structures/src/challenging-recursion/reverse.js","statementMap":{"0":{"start":{"line":7,"column":23},"end":{"line":13,"column":1}},"1":{"start":{"line":8,"column":2},"end":{"line":10,"column":3}},"2":{"start":{"line":9,"column":4},"end":{"line":9,"column":15}},"3":{"start":{"line":12,"column":2},"end":{"line":12,"column":40}}},"fnMap":{"0":{"name":"(anonymous_0)","decl":{"start":{"line":7,"column":23},"end":{"line":7,"column":24}},"loc":{"start":{"line":7,"column":32},"end":{"line":13,"column":1}},"line":7}},"branchMap":{"0":{"loc":{"start":{"line":8,"column":2},"end":{"line":10,"column":3}},"type":"if","locations":[{"start":{"line":8,"column":2},"end":{"line":10,"column":3}},{"start":{},"end":{}}],"line":8}},"s":{"0":1,"1":18,"2":2,"3":16},"f":{"0":18},"b":{"0":[2,16]},"_coverageSchema":"1a1c01bbd47fc00a2c39e90264f33305004495a9","hash":"b49bb0ab5c7f984c24e093cfd6503ce0a641551d"}
,"/Users/aliaksandrahavia/Desktop/my_repos/js-algorithms-data-structures/src/challenging-recursion/some-recursive.js": {"path":"/Users/aliaksandrahavia/Desktop/my_repos/js-algorithms-data-structures/src/challenging-recursion/some-recursive.js","statementMap":{"0":{"start":{"line":9,"column":29},"end":{"line":19,"column":1}},"1":{"start":{"line":10,"column":2},"end":{"line":12,"column":3}},"2":{"start":{"line":11,"column":4},"end":{"line":11,"column":17}},"3":{"start":{"line":14,"column":2},"end":{"line":16,"column":3}},"4":{"start":{"line":15,"column":4},"end":{"line":15,"column":16}},"5":{"start":{"line":18,"column":2},"end":{"line":18,"column":49}}},"fnMap":{"0":{"name":"(anonymous_0)","decl":{"start":{"line":9,"column":29},"end":{"line":9,"column":30}},"loc":{"start":{"line":9,"column":50},"end":{"line":19,"column":1}},"line":9}},"branchMap":{"0":{"loc":{"start":{"line":10,"column":2},"end":{"line":12,"column":3}},"type":"if","locations":[{"start":{"line":10,"column":2},"end":{"line":12,"column":3}},{"start":{},"end":{}}],"line":10},"1":{"loc":{"start":{"line":14,"column":2},"end":{"line":16,"column":3}},"type":"if","locations":[{"start":{"line":14,"column":2},"end":{"line":16,"column":3}},{"start":{},"end":{}}],"line":14}},"s":{"0":1,"1":13,"2":2,"3":11,"4":2,"5":9},"f":{"0":13},"b":{"0":[2,11],"1":[2,9]},"_coverageSchema":"1a1c01bbd47fc00a2c39e90264f33305004495a9","hash":"ba251f502dcf8af89d0a90746bbdb5f515784f65"}
,"/Users/aliaksandrahavia/Desktop/my_repos/js-algorithms-data-structures/src/problem-solving-patterns/are-there-duplicates.js": {"path":"/Users/aliaksandrahavia/Desktop/my_repos/js-algorithms-data-structures/src/problem-solving-patterns/are-there-duplicates.js","statementMap":{"0":{"start":{"line":12,"column":17},"end":{"line":12,"column":19}},"1":{"start":{"line":14,"column":2},"end":{"line":19,"column":3}},"2":{"start":{"line":14,"column":15},"end":{"line":14,"column":16}},"3":{"start":{"line":15,"column":4},"end":{"line":17,"column":5}},"4":{"start":{"line":16,"column":6},"end":{"line":16,"column":18}},"5":{"start":{"line":18,"column":4},"end":{"line":18,"column":27}},"6":{"start":{"line":21,"column":2},"end":{"line":21,"column":15}},"7":{"start":{"line":26,"column":2},"end":{"line":26,"column":54}}},"fnMap":{"0":{"name":"areThereDuplicates","decl":{"start":{"line":11,"column":16},"end":{"line":11,"column":34}},"loc":{"start":{"line":11,"column":44},"end":{"line":22,"column":1}},"line":11},"1":{"name":"areThereDuplicatesV2","decl":{"start":{"line":25,"column":16},"end":{"line":25,"column":36}},"loc":{"start":{"line":25,"column":39},"end":{"line":27,"column":1}},"line":25}},"branchMap":{"0":{"loc":{"start":{"line":15,"column":4},"end":{"line":17,"column":5}},"type":"if","locations":[{"start":{"line":15,"column":4},"end":{"line":17,"column":5}},{"start":{},"end":{}}],"line":15}},"s":{"0":3,"1":3,"2":3,"3":10,"4":2,"5":8,"6":1,"7":3},"f":{"0":3,"1":3},"b":{"0":[2,8]},"_coverageSchema":"1a1c01bbd47fc00a2c39e90264f33305004495a9","hash":"95faee6eb0dee0de094664c6a853c56a2bf27f15"}
,"/Users/aliaksandrahavia/Desktop/my_repos/js-algorithms-data-structures/src/problem-solving-patterns/average-pair.js": {"path":"/Users/aliaksandrahavia/Desktop/my_repos/js-algorithms-data-structures/src/problem-solving-patterns/average-pair.js","statementMap":{"0":{"start":{"line":13,"column":13},"end":{"line":13,"column":14}},"1":{"start":{"line":14,"column":14},"end":{"line":14,"column":30}},"2":{"start":{"line":15,"column":2},"end":{"line":24,"column":3}},"3":{"start":{"line":16,"column":22},"end":{"line":16,"column":54}},"4":{"start":{"line":17,"column":4},"end":{"line":23,"column":5}},"5":{"start":{"line":18,"column":6},"end":{"line":18,"column":18}},"6":{"start":{"line":19,"column":11},"end":{"line":23,"column":5}},"7":{"start":{"line":20,"column":6},"end":{"line":20,"column":13}},"8":{"start":{"line":22,"column":6},"end":{"line":22,"column":14}},"9":{"start":{"line":25,"column":2},"end":{"line":25,"column":15}}},"fnMap":{"0":{"name":"averagePair","decl":{"start":{"line":12,"column":16},"end":{"line":12,"column":27}},"loc":{"start":{"line":12,"column":43},"end":{"line":26,"column":1}},"line":12}},"branchMap":{"0":{"loc":{"start":{"line":17,"column":4},"end":{"line":23,"column":5}},"type":"if","locations":[{"start":{"line":17,"column":4},"end":{"line":23,"column":5}},{"start":{"line":19,"column":11},"end":{"line":23,"column":5}}],"line":17},"1":{"loc":{"start":{"line":19,"column":11},"end":{"line":23,"column":5}},"type":"if","locations":[{"start":{"line":19,"column":11},"end":{"line":23,"column":5}},{"start":{"line":21,"column":11},"end":{"line":23,"column":5}}],"line":19}},"s":{"0":4,"1":4,"2":4,"3":14,"4":14,"5":2,"6":12,"7":8,"8":4,"9":2},"f":{"0":4},"b":{"0":[2,12],"1":[8,4]},"_coverageSchema":"1a1c01bbd47fc00a2c39e90264f33305004495a9","hash":"f620f42e078275f3ec30537f585a2a92b6a22ad7"}
,"/Users/aliaksandrahavia/Desktop/my_repos/js-algorithms-data-structures/src/problem-solving-patterns/count-unique-values.js": {"path":"/Users/aliaksandrahavia/Desktop/my_repos/js-algorithms-data-structures/src/problem-solving-patterns/count-unique-values.js","statementMap":{"0":{"start":{"line":11,"column":13},"end":{"line":11,"column":14}},"1":{"start":{"line":12,"column":13},"end":{"line":12,"column":21}},"2":{"start":{"line":13,"column":20},"end":{"line":13,"column":21}},"3":{"start":{"line":14,"column":2},"end":{"line":20,"column":3}},"4":{"start":{"line":15,"column":4},"end":{"line":17,"column":5}},"5":{"start":{"line":16,"column":6},"end":{"line":16,"column":20}},"6":{"start":{"line":18,"column":4},"end":{"line":18,"column":11}},"7":{"start":{"line":19,"column":4},"end":{"line":19,"column":11}},"8":{"start":{"line":21,"column":2},"end":{"line":21,"column":21}}},"fnMap":{"0":{"name":"countUniqueValues","decl":{"start":{"line":10,"column":16},"end":{"line":10,"column":33}},"loc":{"start":{"line":10,"column":39},"end":{"line":22,"column":1}},"line":10}},"branchMap":{"0":{"loc":{"start":{"line":15,"column":4},"end":{"line":17,"column":5}},"type":"if","locations":[{"start":{"line":15,"column":4},"end":{"line":17,"column":5}},{"start":{},"end":{}}],"line":15}},"s":{"0":4,"1":4,"2":4,"3":4,"4":22,"5":13,"6":22,"7":22,"8":4},"f":{"0":4},"b":{"0":[13,9]},"_coverageSchema":"1a1c01bbd47fc00a2c39e90264f33305004495a9","hash":"d9b32c213a6a779ff04a5bce37a04e3a0bfb495b"}
,"/Users/aliaksandrahavia/Desktop/my_repos/js-algorithms-data-structures/src/problem-solving-patterns/find-longest-substring.js": {"path":"/Users/aliaksandrahavia/Desktop/my_repos/js-algorithms-data-structures/src/problem-solving-patterns/find-longest-substring.js","statementMap":{"0":{"start":{"line":10,"column":16},"end":{"line":10,"column":17}},"1":{"start":{"line":11,"column":13},"end":{"line":11,"column":15}},"2":{"start":{"line":12,"column":14},"end":{"line":12,"column":15}},"3":{"start":{"line":13,"column":2},"end":{"line":22,"column":3}},"4":{"start":{"line":13,"column":15},"end":{"line":13,"column":16}},"5":{"start":{"line":14,"column":15},"end":{"line":14,"column":21}},"6":{"start":{"line":15,"column":4},"end":{"line":17,"column":5}},"7":{"start":{"line":16,"column":6},"end":{"line":16,"column":42}},"8":{"start":{"line":19,"column":4},"end":{"line":19,"column":47}},"9":{"start":{"line":21,"column":4},"end":{"line":21,"column":23}},"10":{"start":{"line":23,"column":2},"end":{"line":23,"column":17}}},"fnMap":{"0":{"name":"findLongestSubstring","decl":{"start":{"line":9,"column":16},"end":{"line":9,"column":36}},"loc":{"start":{"line":9,"column":42},"end":{"line":24,"column":1}},"line":9}},"branchMap":{"0":{"loc":{"start":{"line":15,"column":4},"end":{"line":17,"column":5}},"type":"if","locations":[{"start":{"line":15,"column":4},"end":{"line":17,"column":5}},{"start":{},"end":{}}],"line":15}},"s":{"0":7,"1":7,"2":7,"3":7,"4":7,"5":75,"6":75,"7":30,"8":75,"9":75,"10":7},"f":{"0":7},"b":{"0":[30,45]},"_coverageSchema":"1a1c01bbd47fc00a2c39e90264f33305004495a9","hash":"0e91dedf645e12f330edef0de62229f7c4adfe2d"}
,"/Users/aliaksandrahavia/Desktop/my_repos/js-algorithms-data-structures/src/problem-solving-patterns/is-subsequence.js": {"path":"/Users/aliaksandrahavia/Desktop/my_repos/js-algorithms-data-structures/src/problem-solving-patterns/is-subsequence.js","statementMap":{"0":{"start":{"line":9,"column":10},"end":{"line":9,"column":11}},"1":{"start":{"line":10,"column":10},"end":{"line":10,"column":11}},"2":{"start":{"line":11,"column":2},"end":{"line":11,"column":25}},"3":{"start":{"line":11,"column":13},"end":{"line":11,"column":25}},"4":{"start":{"line":13,"column":2},"end":{"line":18,"column":3}},"5":{"start":{"line":14,"column":4},"end":{"line":14,"column":33}},"6":{"start":{"line":14,"column":29},"end":{"line":14,"column":33}},"7":{"start":{"line":16,"column":4},"end":{"line":16,"column":39}},"8":{"start":{"line":16,"column":27},"end":{"line":16,"column":39}},"9":{"start":{"line":17,"column":4},"end":{"line":17,"column":8}},"10":{"start":{"line":19,"column":2},"end":{"line":19,"column":15}}},"fnMap":{"0":{"name":"isSubsequence","decl":{"start":{"line":8,"column":16},"end":{"line":8,"column":29}},"loc":{"start":{"line":8,"column":42},"end":{"line":20,"column":1}},"line":8}},"branchMap":{"0":{"loc":{"start":{"line":11,"column":2},"end":{"line":11,"column":25}},"type":"if","locations":[{"start":{"line":11,"column":2},"end":{"line":11,"column":25}},{"start":{},"end":{}}],"line":11},"1":{"loc":{"start":{"line":14,"column":4},"end":{"line":14,"column":33}},"type":"if","locations":[{"start":{"line":14,"column":4},"end":{"line":14,"column":33}},{"start":{},"end":{}}],"line":14},"2":{"loc":{"start":{"line":16,"column":4},"end":{"line":16,"column":39}},"type":"if","locations":[{"start":{"line":16,"column":4},"end":{"line":16,"column":39}},{"start":{},"end":{}}],"line":16}},"s":{"0":4,"1":4,"2":4,"3":0,"4":4,"5":15,"6":13,"7":15,"8":3,"9":12,"10":1},"f":{"0":4},"b":{"0":[0,4],"1":[13,2],"2":[3,12]},"_coverageSchema":"1a1c01bbd47fc00a2c39e90264f33305004495a9","hash":"3cee51718e960abd39a0ced6fe2c35ccca248f1d"}
,"/Users/aliaksandrahavia/Desktop/my_repos/js-algorithms-data-structures/src/problem-solving-patterns/max-subarray-sum.js": {"path":"/Users/aliaksandrahavia/Desktop/my_repos/js-algorithms-data-structures/src/problem-solving-patterns/max-subarray-sum.js","statementMap":{"0":{"start":{"line":13,"column":30},"end":{"line":28,"column":1}},"1":{"start":{"line":14,"column":15},"end":{"line":14,"column":16}},"2":{"start":{"line":15,"column":16},"end":{"line":15,"column":17}},"3":{"start":{"line":16,"column":2},"end":{"line":16,"column":36}},"4":{"start":{"line":16,"column":24},"end":{"line":16,"column":36}},"5":{"start":{"line":18,"column":2},"end":{"line":20,"column":3}},"6":{"start":{"line":18,"column":15},"end":{"line":18,"column":16}},"7":{"start":{"line":19,"column":4},"end":{"line":19,"column":21}},"8":{"start":{"line":21,"column":2},"end":{"line":21,"column":19}},"9":{"start":{"line":23,"column":2},"end":{"line":26,"column":3}},"10":{"start":{"line":23,"column":15},"end":{"line":23,"column":18}},"11":{"start":{"line":24,"column":4},"end":{"line":24,"column":46}},"12":{"start":{"line":25,"column":4},"end":{"line":25,"column":39}},"13":{"start":{"line":27,"column":2},"end":{"line":27,"column":16}}},"fnMap":{"0":{"name":"(anonymous_0)","decl":{"start":{"line":13,"column":30},"end":{"line":13,"column":31}},"loc":{"start":{"line":13,"column":44},"end":{"line":28,"column":1}},"line":13}},"branchMap":{"0":{"loc":{"start":{"line":16,"column":2},"end":{"line":16,"column":36}},"type":"if","locations":[{"start":{"line":16,"column":2},"end":{"line":16,"column":36}},{"start":{},"end":{}}],"line":16}},"s":{"0":1,"1":5,"2":5,"3":5,"4":1,"5":4,"6":4,"7":10,"8":4,"9":4,"10":4,"11":18,"12":18,"13":4},"f":{"0":5},"b":{"0":[1,4]},"_coverageSchema":"1a1c01bbd47fc00a2c39e90264f33305004495a9","hash":"182884b5c7d34b59359ecf390ba44248afd2dea3"}
,"/Users/aliaksandrahavia/Desktop/my_repos/js-algorithms-data-structures/src/problem-solving-patterns/min-subarray-len.js": {"path":"/Users/aliaksandrahavia/Desktop/my_repos/js-algorithms-data-structures/src/problem-solving-patterns/min-subarray-len.js","statementMap":{"0":{"start":{"line":14,"column":14},"end":{"line":14,"column":15}},"1":{"start":{"line":15,"column":14},"end":{"line":15,"column":15}},"2":{"start":{"line":16,"column":12},"end":{"line":16,"column":13}},"3":{"start":{"line":17,"column":15},"end":{"line":17,"column":23}},"4":{"start":{"line":18,"column":2},"end":{"line":36,"column":3}},"5":{"start":{"line":21,"column":4},"end":{"line":35,"column":5}},"6":{"start":{"line":22,"column":6},"end":{"line":22,"column":25}},"7":{"start":{"line":23,"column":6},"end":{"line":23,"column":12}},"8":{"start":{"line":27,"column":9},"end":{"line":35,"column":5}},"9":{"start":{"line":28,"column":6},"end":{"line":28,"column":43}},"10":{"start":{"line":29,"column":6},"end":{"line":29,"column":27}},"11":{"start":{"line":30,"column":6},"end":{"line":30,"column":14}},"12":{"start":{"line":34,"column":6},"end":{"line":34,"column":12}},"13":{"start":{"line":38,"column":2},"end":{"line":38,"column":42}}},"fnMap":{"0":{"name":"minSubArrayLen","decl":{"start":{"line":13,"column":16},"end":{"line":13,"column":30}},"loc":{"start":{"line":13,"column":42},"end":{"line":39,"column":1}},"line":13}},"branchMap":{"0":{"loc":{"start":{"line":21,"column":4},"end":{"line":35,"column":5}},"type":"if","locations":[{"start":{"line":21,"column":4},"end":{"line":35,"column":5}},{"start":{"line":27,"column":9},"end":{"line":35,"column":5}}],"line":21},"1":{"loc":{"start":{"line":21,"column":7},"end":{"line":21,"column":39}},"type":"binary-expr","locations":[{"start":{"line":21,"column":7},"end":{"line":21,"column":18}},{"start":{"line":21,"column":22},"end":{"line":21,"column":39}}],"line":21},"2":{"loc":{"start":{"line":27,"column":9},"end":{"line":35,"column":5}},"type":"if","locations":[{"start":{"line":27,"column":9},"end":{"line":35,"column":5}},{"start":{"line":33,"column":9},"end":{"line":35,"column":5}}],"line":27},"3":{"loc":{"start":{"line":38,"column":9},"end":{"line":38,"column":41}},"type":"cond-expr","locations":[{"start":{"line":38,"column":31},"end":{"line":38,"column":32}},{"start":{"line":38,"column":35},"end":{"line":38,"column":41}}],"line":38}},"s":{"0":7,"1":7,"2":7,"3":7,"4":7,"5":95,"6":56,"7":56,"8":39,"9":32,"10":32,"11":32,"12":7,"13":7},"f":{"0":7},"b":{"0":[56,39],"1":[95,63],"2":[32,7],"3":[1,6]},"_coverageSchema":"1a1c01bbd47fc00a2c39e90264f33305004495a9","hash":"9d06b99fd59c887728208da6e1720b20f7b0b9e4"}
,"/Users/aliaksandrahavia/Desktop/my_repos/js-algorithms-data-structures/src/problem-solving-patterns/same-frequency.js": {"path":"/Users/aliaksandrahavia/Desktop/my_repos/js-algorithms-data-structures/src/problem-solving-patterns/same-frequency.js","statementMap":{"0":{"start":{"line":11,"column":29},"end":{"line":39,"column":1}},"1":{"start":{"line":12,"column":2},"end":{"line":12,"column":25}},"2":{"start":{"line":13,"column":2},"end":{"line":13,"column":25}},"3":{"start":{"line":15,"column":2},"end":{"line":17,"column":3}},"4":{"start":{"line":16,"column":4},"end":{"line":16,"column":17}},"5":{"start":{"line":19,"column":27},"end":{"line":19,"column":29}},"6":{"start":{"line":21,"column":2},"end":{"line":26,"column":3}},"7":{"start":{"line":21,"column":15},"end":{"line":21,"column":16}},"8":{"start":{"line":22,"column":17},"end":{"line":22,"column":24}},"9":{"start":{"line":23,"column":4},"end":{"line":25,"column":39}},"10":{"start":{"line":28,"column":2},"end":{"line":36,"column":3}},"11":{"start":{"line":28,"column":15},"end":{"line":28,"column":16}},"12":{"start":{"line":29,"column":17},"end":{"line":29,"column":24}},"13":{"start":{"line":31,"column":4},"end":{"line":35,"column":5}},"14":{"start":{"line":32,"column":6},"end":{"line":32,"column":19}},"15":{"start":{"line":34,"column":6},"end":{"line":34,"column":36}},"16":{"start":{"line":38,"column":2},"end":{"line":38,"column":14}}},"fnMap":{"0":{"name":"(anonymous_0)","decl":{"start":{"line":11,"column":29},"end":{"line":11,"column":30}},"loc":{"start":{"line":11,"column":45},"end":{"line":39,"column":1}},"line":11}},"branchMap":{"0":{"loc":{"start":{"line":15,"column":2},"end":{"line":17,"column":3}},"type":"if","locations":[{"start":{"line":15,"column":2},"end":{"line":17,"column":3}},{"start":{},"end":{}}],"line":15},"1":{"loc":{"start":{"line":23,"column":4},"end":{"line":25,"column":38}},"type":"cond-expr","locations":[{"start":{"line":24,"column":9},"end":{"line":24,"column":38}},{"start":{"line":25,"column":9},"end":{"line":25,"column":37}}],"line":23},"2":{"loc":{"start":{"line":31,"column":4},"end":{"line":35,"column":5}},"type":"if","locations":[{"start":{"line":31,"column":4},"end":{"line":35,"column":5}},{"start":{"line":33,"column":11},"end":{"line":35,"column":5}}],"line":31}},"s":{"0":1,"1":4,"2":4,"3":4,"4":1,"5":3,"6":3,"7":3,"8":12,"9":12,"10":3,"11":3,"12":11,"13":11,"14":1,"15":10,"16":2},"f":{"0":4},"b":{"0":[1,3],"1":[2,10],"2":[1,10]},"_coverageSchema":"1a1c01bbd47fc00a2c39e90264f33305004495a9","hash":"0652d57c86442f5937f15e658b95abd83043c0d3"}
,"/Users/aliaksandrahavia/Desktop/my_repos/js-algorithms-data-structures/src/problem-solving-patterns/valid-anagram.js": {"path":"/Users/aliaksandrahavia/Desktop/my_repos/js-algorithms-data-structures/src/problem-solving-patterns/valid-anagram.js","statementMap":{"0":{"start":{"line":13,"column":2},"end":{"line":15,"column":3}},"1":{"start":{"line":14,"column":4},"end":{"line":14,"column":17}},"2":{"start":{"line":16,"column":26},"end":{"line":16,"column":28}},"3":{"start":{"line":17,"column":26},"end":{"line":17,"column":28}},"4":{"start":{"line":19,"column":2},"end":{"line":21,"column":3}},"5":{"start":{"line":20,"column":4},"end":{"line":20,"column":61}},"6":{"start":{"line":22,"column":2},"end":{"line":24,"column":3}},"7":{"start":{"line":23,"column":4},"end":{"line":23,"column":61}},"8":{"start":{"line":25,"column":2},"end":{"line":32,"column":3}},"9":{"start":{"line":26,"column":4},"end":{"line":28,"column":5}},"10":{"start":{"line":27,"column":6},"end":{"line":27,"column":19}},"11":{"start":{"line":29,"column":4},"end":{"line":31,"column":5}},"12":{"start":{"line":30,"column":6},"end":{"line":30,"column":19}},"13":{"start":{"line":33,"column":2},"end":{"line":33,"column":14}}},"fnMap":{"0":{"name":"validAnagram","decl":{"start":{"line":12,"column":16},"end":{"line":12,"column":28}},"loc":{"start":{"line":12,"column":41},"end":{"line":34,"column":1}},"line":12}},"branchMap":{"0":{"loc":{"start":{"line":13,"column":2},"end":{"line":15,"column":3}},"type":"if","locations":[{"start":{"line":13,"column":2},"end":{"line":15,"column":3}},{"start":{},"end":{}}],"line":13},"1":{"loc":{"start":{"line":20,"column":30},"end":{"line":20,"column":60}},"type":"binary-expr","locations":[{"start":{"line":20,"column":30},"end":{"line":20,"column":55}},{"start":{"line":20,"column":59},"end":{"line":20,"column":60}}],"line":20},"2":{"loc":{"start":{"line":23,"column":30},"end":{"line":23,"column":60}},"type":"binary-expr","locations":[{"start":{"line":23,"column":30},"end":{"line":23,"column":55}},{"start":{"line":23,"column":59},"end":{"line":23,"column":60}}],"line":23},"3":{"loc":{"start":{"line":26,"column":4},"end":{"line":28,"column":5}},"type":"if","locations":[{"start":{"line":26,"column":4},"end":{"line":28,"column":5}},{"start":{},"end":{}}],"line":26},"4":{"loc":{"start":{"line":29,"column":4},"end":{"line":31,"column":5}},"type":"if","locations":[{"start":{"line":29,"column":4},"end":{"line":31,"column":5}},{"start":{},"end":{}}],"line":29}},"s":{"0":7,"1":1,"2":6,"3":6,"4":6,"5":32,"6":6,"7":32,"8":6,"9":22,"10":1,"11":21,"12":1,"13":4},"f":{"0":7},"b":{"0":[1,6],"1":[32,23],"2":[32,23],"3":[1,21],"4":[1,20]},"_coverageSchema":"1a1c01bbd47fc00a2c39e90264f33305004495a9","hash":"ffe4e579024bccf37ca88132a9bd6302ad4ae333"}
,"/Users/aliaksandrahavia/Desktop/my_repos/js-algorithms-data-structures/src/recursion/factorial.js": {"path":"/Users/aliaksandrahavia/Desktop/my_repos/js-algorithms-data-structures/src/recursion/factorial.js","statementMap":{"0":{"start":{"line":9,"column":25},"end":{"line":15,"column":1}},"1":{"start":{"line":10,"column":2},"end":{"line":12,"column":3}},"2":{"start":{"line":11,"column":4},"end":{"line":11,"column":13}},"3":{"start":{"line":14,"column":2},"end":{"line":14,"column":34}}},"fnMap":{"0":{"name":"(anonymous_0)","decl":{"start":{"line":9,"column":25},"end":{"line":9,"column":26}},"loc":{"start":{"line":9,"column":34},"end":{"line":15,"column":1}},"line":9}},"branchMap":{"0":{"loc":{"start":{"line":10,"column":2},"end":{"line":12,"column":3}},"type":"if","locations":[{"start":{"line":10,"column":2},"end":{"line":12,"column":3}},{"start":{},"end":{}}],"line":10}},"s":{"0":1,"1":18,"2":4,"3":14},"f":{"0":18},"b":{"0":[4,14]},"_coverageSchema":"1a1c01bbd47fc00a2c39e90264f33305004495a9","hash":"c2cc589299cebf6813d4e1b40759a7d86b0fe834"}
,"/Users/aliaksandrahavia/Desktop/my_repos/js-algorithms-data-structures/src/recursion/fibinocci.js": {"path":"/Users/aliaksandrahavia/Desktop/my_repos/js-algorithms-data-structures/src/recursion/fibinocci.js","statementMap":{"0":{"start":{"line":9,"column":19},"end":{"line":13,"column":1}},"1":{"start":{"line":10,"column":2},"end":{"line":10,"column":23}},"2":{"start":{"line":10,"column":14},"end":{"line":10,"column":23}},"3":{"start":{"line":12,"column":2},"end":{"line":12,"column":33}}},"fnMap":{"0":{"name":"(anonymous_0)","decl":{"start":{"line":9,"column":19},"end":{"line":9,"column":20}},"loc":{"start":{"line":9,"column":26},"end":{"line":13,"column":1}},"line":9}},"branchMap":{"0":{"loc":{"start":{"line":10,"column":2},"end":{"line":10,"column":23}},"type":"if","locations":[{"start":{"line":10,"column":2},"end":{"line":10,"column":23}},{"start":{},"end":{}}],"line":10}},"s":{"0":1,"1":19090664,"2":9545334,"3":9545330},"f":{"0":19090664},"b":{"0":[9545334,9545330]},"_coverageSchema":"1a1c01bbd47fc00a2c39e90264f33305004495a9","hash":"ad3d3137f2f11c6e884cc502854d4cc226ecadcc"}
,"/Users/aliaksandrahavia/Desktop/my_repos/js-algorithms-data-structures/src/recursion/power.js": {"path":"/Users/aliaksandrahavia/Desktop/my_repos/js-algorithms-data-structures/src/recursion/power.js","statementMap":{"0":{"start":{"line":9,"column":21},"end":{"line":15,"column":1}},"1":{"start":{"line":10,"column":2},"end":{"line":12,"column":3}},"2":{"start":{"line":11,"column":4},"end":{"line":11,"column":13}},"3":{"start":{"line":14,"column":2},"end":{"line":14,"column":35}}},"fnMap":{"0":{"name":"(anonymous_0)","decl":{"start":{"line":9,"column":21},"end":{"line":9,"column":22}},"loc":{"start":{"line":9,"column":35},"end":{"line":15,"column":1}},"line":9}},"branchMap":{"0":{"loc":{"start":{"line":10,"column":2},"end":{"line":12,"column":3}},"type":"if","locations":[{"start":{"line":10,"column":2},"end":{"line":12,"column":3}},{"start":{},"end":{}}],"line":10}},"s":{"0":1,"1":9,"2":3,"3":6},"f":{"0":9},"b":{"0":[3,6]},"_coverageSchema":"1a1c01bbd47fc00a2c39e90264f33305004495a9","hash":"1b3845546b3c72d6bcc7c0f48aa594e58b332b9f"}
,"/Users/aliaksandrahavia/Desktop/my_repos/js-algorithms-data-structures/src/recursion/product-of-array.js": {"path":"/Users/aliaksandrahavia/Desktop/my_repos/js-algorithms-data-structures/src/recursion/product-of-array.js","statementMap":{"0":{"start":{"line":8,"column":30},"end":{"line":14,"column":1}},"1":{"start":{"line":9,"column":2},"end":{"line":11,"column":3}},"2":{"start":{"line":10,"column":4},"end":{"line":10,"column":13}},"3":{"start":{"line":13,"column":2},"end":{"line":13,"column":51}}},"fnMap":{"0":{"name":"(anonymous_0)","decl":{"start":{"line":8,"column":30},"end":{"line":8,"column":31}},"loc":{"start":{"line":8,"column":41},"end":{"line":14,"column":1}},"line":8}},"branchMap":{"0":{"loc":{"start":{"line":9,"column":2},"end":{"line":11,"column":3}},"type":"if","locations":[{"start":{"line":9,"column":2},"end":{"line":11,"column":3}},{"start":{},"end":{}}],"line":9}},"s":{"0":1,"1":9,"2":2,"3":7},"f":{"0":9},"b":{"0":[2,7]},"_coverageSchema":"1a1c01bbd47fc00a2c39e90264f33305004495a9","hash":"78bc47fad49cfe099834a3dae116c4a92e33185e"}
,"/Users/aliaksandrahavia/Desktop/my_repos/js-algorithms-data-structures/src/recursion/recursive-range.js": {"path":"/Users/aliaksandrahavia/Desktop/my_repos/js-algorithms-data-structures/src/recursion/recursive-range.js","statementMap":{"0":{"start":{"line":7,"column":30},"end":{"line":13,"column":1}},"1":{"start":{"line":8,"column":2},"end":{"line":10,"column":3}},"2":{"start":{"line":9,"column":4},"end":{"line":9,"column":15}},"3":{"start":{"line":12,"column":2},"end":{"line":12,"column":39}}},"fnMap":{"0":{"name":"(anonymous_0)","decl":{"start":{"line":7,"column":30},"end":{"line":7,"column":31}},"loc":{"start":{"line":7,"column":39},"end":{"line":13,"column":1}},"line":7}},"branchMap":{"0":{"loc":{"start":{"line":8,"column":2},"end":{"line":10,"column":3}},"type":"if","locations":[{"start":{"line":8,"column":2},"end":{"line":10,"column":3}},{"start":{},"end":{}}],"line":8}},"s":{"0":1,"1":18,"2":2,"3":16},"f":{"0":18},"b":{"0":[2,16]},"_coverageSchema":"1a1c01bbd47fc00a2c39e90264f33305004495a9","hash":"f649f8da6c86dac68e6e0b8a51799c4e8a3db682"}
}
