{"/Users/aliaksandrahavia/Desktop/my_repos/js-algorithms-data-structures/src/problem-solving-patterns/valid-anagram.js": {"path":"/Users/aliaksandrahavia/Desktop/my_repos/js-algorithms-data-structures/src/problem-solving-patterns/valid-anagram.js","statementMap":{"0":{"start":{"line":13,"column":2},"end":{"line":15,"column":3}},"1":{"start":{"line":14,"column":4},"end":{"line":14,"column":17}},"2":{"start":{"line":16,"column":26},"end":{"line":16,"column":28}},"3":{"start":{"line":17,"column":26},"end":{"line":17,"column":28}},"4":{"start":{"line":19,"column":2},"end":{"line":21,"column":3}},"5":{"start":{"line":20,"column":4},"end":{"line":20,"column":61}},"6":{"start":{"line":22,"column":2},"end":{"line":24,"column":3}},"7":{"start":{"line":23,"column":4},"end":{"line":23,"column":61}},"8":{"start":{"line":25,"column":2},"end":{"line":32,"column":3}},"9":{"start":{"line":26,"column":4},"end":{"line":28,"column":5}},"10":{"start":{"line":27,"column":6},"end":{"line":27,"column":19}},"11":{"start":{"line":29,"column":4},"end":{"line":31,"column":5}},"12":{"start":{"line":30,"column":6},"end":{"line":30,"column":19}},"13":{"start":{"line":33,"column":2},"end":{"line":33,"column":14}}},"fnMap":{"0":{"name":"validAnagram","decl":{"start":{"line":12,"column":16},"end":{"line":12,"column":28}},"loc":{"start":{"line":12,"column":41},"end":{"line":34,"column":1}},"line":12}},"branchMap":{"0":{"loc":{"start":{"line":13,"column":2},"end":{"line":15,"column":3}},"type":"if","locations":[{"start":{"line":13,"column":2},"end":{"line":15,"column":3}},{"start":{},"end":{}}],"line":13},"1":{"loc":{"start":{"line":20,"column":30},"end":{"line":20,"column":60}},"type":"binary-expr","locations":[{"start":{"line":20,"column":30},"end":{"line":20,"column":55}},{"start":{"line":20,"column":59},"end":{"line":20,"column":60}}],"line":20},"2":{"loc":{"start":{"line":23,"column":30},"end":{"line":23,"column":60}},"type":"binary-expr","locations":[{"start":{"line":23,"column":30},"end":{"line":23,"column":55}},{"start":{"line":23,"column":59},"end":{"line":23,"column":60}}],"line":23},"3":{"loc":{"start":{"line":26,"column":4},"end":{"line":28,"column":5}},"type":"if","locations":[{"start":{"line":26,"column":4},"end":{"line":28,"column":5}},{"start":{},"end":{}}],"line":26},"4":{"loc":{"start":{"line":29,"column":4},"end":{"line":31,"column":5}},"type":"if","locations":[{"start":{"line":29,"column":4},"end":{"line":31,"column":5}},{"start":{},"end":{}}],"line":29}},"s":{"0":7,"1":1,"2":6,"3":6,"4":6,"5":32,"6":6,"7":32,"8":6,"9":22,"10":1,"11":21,"12":1,"13":4},"f":{"0":7},"b":{"0":[1,6],"1":[32,23],"2":[32,23],"3":[1,21],"4":[1,20]},"_coverageSchema":"1a1c01bbd47fc00a2c39e90264f33305004495a9","hash":"ffe4e579024bccf37ca88132a9bd6302ad4ae333"}
}
