TN:
SF:src/challenging-recursion/capitalize-first.js
FN:9,(anonymous_0)
FNF:1
FNH:1
FNDA:5,(anonymous_0)
DA:9,1
DA:10,5
DA:11,1
DA:14,4
DA:15,2
DA:18,2
DA:19,2
DA:20,2
DA:22,2
LF:9
LH:9
BRDA:10,0,0,1
BRDA:10,0,1,4
BRDA:14,1,0,2
BRDA:14,1,1,2
BRF:4
BRH:4
end_of_record
TN:
SF:src/challenging-recursion/flatten.js
FN:7,(anonymous_0)
FNF:1
FNH:1
FNDA:25,(anonymous_0)
DA:7,1
DA:8,25
DA:10,25
DA:11,37
DA:12,21
DA:14,16
DA:18,25
LF:7
LH:7
BRDA:11,0,0,21
BRDA:11,0,1,16
BRF:2
BRH:2
end_of_record
TN:
SF:src/challenging-recursion/is-palindrome.js
FN:9,(anonymous_0)
FNF:1
FNH:1
FNDA:18,(anonymous_0)
DA:9,1
DA:10,18
DA:12,18
DA:14,16
DA:16,13
LF:5
LH:5
BRDA:12,0,0,2
BRDA:12,0,1,16
BRDA:14,1,0,3
BRDA:14,1,1,13
BRF:4
BRH:4
end_of_record
TN:
SF:src/challenging-recursion/reverse.js
FN:7,(anonymous_0)
FNF:1
FNH:1
FNDA:18,(anonymous_0)
DA:7,1
DA:8,18
DA:9,2
DA:12,16
LF:4
LH:4
BRDA:8,0,0,2
BRDA:8,0,1,16
BRF:2
BRH:2
end_of_record
TN:
SF:src/challenging-recursion/some-recursive.js
FN:9,(anonymous_0)
FNF:1
FNH:1
FNDA:13,(anonymous_0)
DA:9,1
DA:10,13
DA:11,2
DA:14,11
DA:15,2
DA:18,9
LF:6
LH:6
BRDA:10,0,0,2
BRDA:10,0,1,11
BRDA:14,1,0,2
BRDA:14,1,1,9
BRF:4
BRH:4
end_of_record
TN:
SF:src/problem-solving-patterns/are-there-duplicates.js
FN:11,areThereDuplicates
FN:25,areThereDuplicatesV2
FNF:2
FNH:2
FNDA:3,areThereDuplicates
FNDA:3,areThereDuplicatesV2
DA:12,3
DA:14,3
DA:15,10
DA:16,2
DA:18,8
DA:21,1
DA:26,3
LF:7
LH:7
BRDA:15,0,0,2
BRDA:15,0,1,8
BRF:2
BRH:2
end_of_record
TN:
SF:src/problem-solving-patterns/average-pair.js
FN:12,averagePair
FNF:1
FNH:1
FNDA:4,averagePair
DA:13,4
DA:14,4
DA:15,4
DA:16,14
DA:17,14
DA:18,2
DA:19,12
DA:20,8
DA:22,4
DA:25,2
LF:10
LH:10
BRDA:17,0,0,2
BRDA:17,0,1,12
BRDA:19,1,0,8
BRDA:19,1,1,4
BRF:4
BRH:4
end_of_record
TN:
SF:src/problem-solving-patterns/count-unique-values.js
FN:10,countUniqueValues
FNF:1
FNH:1
FNDA:4,countUniqueValues
DA:11,4
DA:12,4
DA:13,4
DA:14,4
DA:15,22
DA:16,13
DA:18,22
DA:19,22
DA:21,4
LF:9
LH:9
BRDA:15,0,0,13
BRDA:15,0,1,9
BRF:2
BRH:2
end_of_record
TN:
SF:src/problem-solving-patterns/find-longest-substring.js
FN:9,findLongestSubstring
FNF:1
FNH:1
FNDA:7,findLongestSubstring
DA:10,7
DA:11,7
DA:12,7
DA:13,7
DA:14,75
DA:15,75
DA:16,30
DA:19,75
DA:21,75
DA:23,7
LF:10
LH:10
BRDA:15,0,0,30
BRDA:15,0,1,45
BRF:2
BRH:2
end_of_record
TN:
SF:src/problem-solving-patterns/is-subsequence.js
FN:8,isSubsequence
FNF:1
FNH:1
FNDA:4,isSubsequence
DA:9,4
DA:10,4
DA:11,4
DA:13,4
DA:14,15
DA:16,15
DA:17,12
DA:19,1
LF:8
LH:8
BRDA:11,0,0,0
BRDA:11,0,1,4
BRDA:14,1,0,13
BRDA:14,1,1,2
BRDA:16,2,0,3
BRDA:16,2,1,12
BRF:6
BRH:5
end_of_record
TN:
SF:src/problem-solving-patterns/max-subarray-sum.js
FN:13,(anonymous_0)
FNF:1
FNH:1
FNDA:5,(anonymous_0)
DA:13,1
DA:14,5
DA:15,5
DA:16,5
DA:18,4
DA:19,10
DA:21,4
DA:23,4
DA:24,18
DA:25,18
DA:27,4
LF:11
LH:11
BRDA:16,0,0,1
BRDA:16,0,1,4
BRF:2
BRH:2
end_of_record
TN:
SF:src/problem-solving-patterns/min-subarray-len.js
FN:13,minSubArrayLen
FNF:1
FNH:1
FNDA:7,minSubArrayLen
DA:14,7
DA:15,7
DA:16,7
DA:17,7
DA:18,7
DA:21,95
DA:22,56
DA:23,56
DA:27,39
DA:28,32
DA:29,32
DA:30,32
DA:34,7
DA:38,7
LF:14
LH:14
BRDA:21,0,0,56
BRDA:21,0,1,39
BRDA:21,1,0,95
BRDA:21,1,1,63
BRDA:27,2,0,32
BRDA:27,2,1,7
BRDA:38,3,0,1
BRDA:38,3,1,6
BRF:8
BRH:8
end_of_record
TN:
SF:src/problem-solving-patterns/same-frequency.js
FN:11,(anonymous_0)
FNF:1
FNH:1
FNDA:4,(anonymous_0)
DA:11,1
DA:12,4
DA:13,4
DA:15,4
DA:16,1
DA:19,3
DA:21,3
DA:22,12
DA:23,12
DA:28,3
DA:29,11
DA:31,11
DA:32,1
DA:34,10
DA:38,2
LF:15
LH:15
BRDA:15,0,0,1
BRDA:15,0,1,3
BRDA:23,1,0,2
BRDA:23,1,1,10
BRDA:31,2,0,1
BRDA:31,2,1,10
BRF:6
BRH:6
end_of_record
TN:
SF:src/problem-solving-patterns/valid-anagram.js
FN:12,validAnagram
FNF:1
FNH:1
FNDA:7,validAnagram
DA:13,7
DA:14,1
DA:16,6
DA:17,6
DA:19,6
DA:20,32
DA:22,6
DA:23,32
DA:25,6
DA:26,22
DA:27,1
DA:29,21
DA:30,1
DA:33,4
LF:14
LH:14
BRDA:13,0,0,1
BRDA:13,0,1,6
BRDA:20,1,0,32
BRDA:20,1,1,23
BRDA:23,2,0,32
BRDA:23,2,1,23
BRDA:26,3,0,1
BRDA:26,3,1,21
BRDA:29,4,0,1
BRDA:29,4,1,20
BRF:10
BRH:10
end_of_record
TN:
SF:src/recursion/factorial.js
FN:9,(anonymous_0)
FNF:1
FNH:1
FNDA:18,(anonymous_0)
DA:9,1
DA:10,18
DA:11,4
DA:14,14
LF:4
LH:4
BRDA:10,0,0,4
BRDA:10,0,1,14
BRF:2
BRH:2
end_of_record
TN:
SF:src/recursion/fibinocci.js
FN:9,(anonymous_0)
FNF:1
FNH:1
FNDA:19090664,(anonymous_0)
DA:9,1
DA:10,19090664
DA:12,9545330
LF:3
LH:3
BRDA:10,0,0,9545334
BRDA:10,0,1,9545330
BRF:2
BRH:2
end_of_record
TN:
SF:src/recursion/power.js
FN:9,(anonymous_0)
FNF:1
FNH:1
FNDA:9,(anonymous_0)
DA:9,1
DA:10,9
DA:11,3
DA:14,6
LF:4
LH:4
BRDA:10,0,0,3
BRDA:10,0,1,6
BRF:2
BRH:2
end_of_record
TN:
SF:src/recursion/product-of-array.js
FN:8,(anonymous_0)
FNF:1
FNH:1
FNDA:9,(anonymous_0)
DA:8,1
DA:9,9
DA:10,2
DA:13,7
LF:4
LH:4
BRDA:9,0,0,2
BRDA:9,0,1,7
BRF:2
BRH:2
end_of_record
TN:
SF:src/recursion/recursive-range.js
FN:7,(anonymous_0)
FNF:1
FNH:1
FNDA:18,(anonymous_0)
DA:7,1
DA:8,18
DA:9,2
DA:12,16
LF:4
LH:4
BRDA:8,0,0,2
BRDA:8,0,1,16
BRF:2
BRH:2
end_of_record
